Performing C SOURCE FILE Test CMAKE_HAVE_LIBC_PTHREAD failed with the following output:
Change Dir: /home/artem/Рабочий стол/project/test_task/build/CMakeFiles/CMakeTmp

Run Build Command(s):/usr/bin/make cmTC_02001/fast && /usr/bin/make -f CMakeFiles/cmTC_02001.dir/build.make CMakeFiles/cmTC_02001.dir/build
make[1]: Entering directory '/home/artem/Рабочий стол/project/test_task/build/CMakeFiles/CMakeTmp'
Building C object CMakeFiles/cmTC_02001.dir/src.c.o
/usr/bin/cc   -DCMAKE_HAVE_LIBC_PTHREAD   -o CMakeFiles/cmTC_02001.dir/src.c.o   -c "/home/artem/Рабочий стол/project/test_task/build/CMakeFiles/CMakeTmp/src.c"
Linking C executable cmTC_02001
/usr/bin/cmake -E cmake_link_script CMakeFiles/cmTC_02001.dir/link.txt --verbose=1
/usr/bin/cc  -DCMAKE_HAVE_LIBC_PTHREAD    CMakeFiles/cmTC_02001.dir/src.c.o  -o cmTC_02001 
/usr/bin/ld: CMakeFiles/cmTC_02001.dir/src.c.o: in function `main':
src.c:(.text+0x46): undefined reference to `pthread_create'
/usr/bin/ld: src.c:(.text+0x52): undefined reference to `pthread_detach'
/usr/bin/ld: src.c:(.text+0x63): undefined reference to `pthread_join'
collect2: error: ld returned 1 exit status
make[1]: *** [CMakeFiles/cmTC_02001.dir/build.make:87: cmTC_02001] Error 1
make[1]: Leaving directory '/home/artem/Рабочий стол/project/test_task/build/CMakeFiles/CMakeTmp'
make: *** [Makefile:121: cmTC_02001/fast] Error 2


Source file was:
#include <pthread.h>

void* test_func(void* data)
{
  return data;
}

int main(void)
{
  pthread_t thread;
  pthread_create(&thread, NULL, test_func, NULL);
  pthread_detach(thread);
  pthread_join(thread, NULL);
  pthread_atfork(NULL, NULL, NULL);
  pthread_exit(NULL);

  return 0;
}

Determining if the function pthread_create exists in the pthreads failed with the following output:
Change Dir: /home/artem/Рабочий стол/project/test_task/build/CMakeFiles/CMakeTmp

Run Build Command(s):/usr/bin/make cmTC_9d044/fast && /usr/bin/make -f CMakeFiles/cmTC_9d044.dir/build.make CMakeFiles/cmTC_9d044.dir/build
make[1]: Entering directory '/home/artem/Рабочий стол/project/test_task/build/CMakeFiles/CMakeTmp'
Building C object CMakeFiles/cmTC_9d044.dir/CheckFunctionExists.c.o
/usr/bin/cc   -DCHECK_FUNCTION_EXISTS=pthread_create   -o CMakeFiles/cmTC_9d044.dir/CheckFunctionExists.c.o   -c /usr/share/cmake-3.16/Modules/CheckFunctionExists.c
Linking C executable cmTC_9d044
/usr/bin/cmake -E cmake_link_script CMakeFiles/cmTC_9d044.dir/link.txt --verbose=1
/usr/bin/cc  -DCHECK_FUNCTION_EXISTS=pthread_create    CMakeFiles/cmTC_9d044.dir/CheckFunctionExists.c.o  -o cmTC_9d044  -lpthreads 
/usr/bin/ld: cannot find -lpthreads
collect2: error: ld returned 1 exit status
make[1]: *** [CMakeFiles/cmTC_9d044.dir/build.make:87: cmTC_9d044] Error 1
make[1]: Leaving directory '/home/artem/Рабочий стол/project/test_task/build/CMakeFiles/CMakeTmp'
make: *** [Makefile:121: cmTC_9d044/fast] Error 2



Performing C++ SOURCE FILE Test HAVE_CXX_FLAG_WSHORTEN_64_TO_32 failed with the following output:
Change Dir: /home/artem/Рабочий стол/project/test_task/build/CMakeFiles/CMakeTmp

Run Build Command(s):/usr/bin/make cmTC_75667/fast && make[1]: Entering directory '/home/artem/Рабочий стол/project/test_task/build/CMakeFiles/CMakeTmp'
/usr/bin/make -f CMakeFiles/cmTC_75667.dir/build.make CMakeFiles/cmTC_75667.dir/build
make[2]: Entering directory '/home/artem/Рабочий стол/project/test_task/build/CMakeFiles/CMakeTmp'
Building CXX object CMakeFiles/cmTC_75667.dir/src.cxx.o
/usr/bin/c++    -std=c++14 -pthread  -std=c++11  -Wall  -Wextra  -Wshadow  -Wfloat-equal  -pedantic  -pedantic-errors -DHAVE_CXX_FLAG_WSHORTEN_64_TO_32  -Wshorten-64-to-32   -Wshorten-64-to-32 -o CMakeFiles/cmTC_75667.dir/src.cxx.o -c "/home/artem/Рабочий стол/project/test_task/build/CMakeFiles/CMakeTmp/src.cxx"
c++: error: unrecognized command line option '-Wshorten-64-to-32'
c++: error: unrecognized command line option '-Wshorten-64-to-32'
make[2]: *** [CMakeFiles/cmTC_75667.dir/build.make:66: CMakeFiles/cmTC_75667.dir/src.cxx.o] Error 1
make[2]: Leaving directory '/home/artem/Рабочий стол/project/test_task/build/CMakeFiles/CMakeTmp'
make[1]: *** [Makefile:121: cmTC_75667/fast] Error 2
make[1]: Leaving directory '/home/artem/Рабочий стол/project/test_task/build/CMakeFiles/CMakeTmp'


Source file was:
int main() { return 0; }
Performing C++ SOURCE FILE Test HAVE_CXX_FLAG_WD654 failed with the following output:
Change Dir: /home/artem/Рабочий стол/project/test_task/build/CMakeFiles/CMakeTmp

Run Build Command(s):/usr/bin/make cmTC_e3e0d/fast && make[1]: Entering directory '/home/artem/Рабочий стол/project/test_task/build/CMakeFiles/CMakeTmp'
/usr/bin/make -f CMakeFiles/cmTC_e3e0d.dir/build.make CMakeFiles/cmTC_e3e0d.dir/build
make[2]: Entering directory '/home/artem/Рабочий стол/project/test_task/build/CMakeFiles/CMakeTmp'
Building CXX object CMakeFiles/cmTC_e3e0d.dir/src.cxx.o
/usr/bin/c++    -std=c++14 -pthread  -std=c++11  -Wall  -Wextra  -Wshadow  -Wfloat-equal  -pedantic  -pedantic-errors  -fstrict-aliasing  -Wno-deprecated-declarations  -Wstrict-aliasing -DHAVE_CXX_FLAG_WD654  -wd654   -wd654 -o CMakeFiles/cmTC_e3e0d.dir/src.cxx.o -c "/home/artem/Рабочий стол/project/test_task/build/CMakeFiles/CMakeTmp/src.cxx"
c++: error: unrecognized command line option '-wd654'
c++: error: unrecognized command line option '-wd654'
make[2]: *** [CMakeFiles/cmTC_e3e0d.dir/build.make:66: CMakeFiles/cmTC_e3e0d.dir/src.cxx.o] Error 1
make[2]: Leaving directory '/home/artem/Рабочий стол/project/test_task/build/CMakeFiles/CMakeTmp'
make[1]: *** [Makefile:121: cmTC_e3e0d/fast] Error 2
make[1]: Leaving directory '/home/artem/Рабочий стол/project/test_task/build/CMakeFiles/CMakeTmp'


Source file was:
int main() { return 0; }
Performing C++ SOURCE FILE Test HAVE_CXX_FLAG_WTHREAD_SAFETY failed with the following output:
Change Dir: /home/artem/Рабочий стол/project/test_task/build/CMakeFiles/CMakeTmp

Run Build Command(s):/usr/bin/make cmTC_58d45/fast && make[1]: Entering directory '/home/artem/Рабочий стол/project/test_task/build/CMakeFiles/CMakeTmp'
/usr/bin/make -f CMakeFiles/cmTC_58d45.dir/build.make CMakeFiles/cmTC_58d45.dir/build
make[2]: Entering directory '/home/artem/Рабочий стол/project/test_task/build/CMakeFiles/CMakeTmp'
Building CXX object CMakeFiles/cmTC_58d45.dir/src.cxx.o
/usr/bin/c++    -std=c++14 -pthread  -std=c++11  -Wall  -Wextra  -Wshadow  -Wfloat-equal  -pedantic  -pedantic-errors  -fstrict-aliasing  -Wno-deprecated-declarations  -Wstrict-aliasing -DHAVE_CXX_FLAG_WTHREAD_SAFETY  -Wthread-safety   -Wthread-safety -o CMakeFiles/cmTC_58d45.dir/src.cxx.o -c "/home/artem/Рабочий стол/project/test_task/build/CMakeFiles/CMakeTmp/src.cxx"
c++: error: unrecognized command line option '-Wthread-safety'
c++: error: unrecognized command line option '-Wthread-safety'
make[2]: *** [CMakeFiles/cmTC_58d45.dir/build.make:66: CMakeFiles/cmTC_58d45.dir/src.cxx.o] Error 1
make[2]: Leaving directory '/home/artem/Рабочий стол/project/test_task/build/CMakeFiles/CMakeTmp'
make[1]: *** [Makefile:121: cmTC_58d45/fast] Error 2
make[1]: Leaving directory '/home/artem/Рабочий стол/project/test_task/build/CMakeFiles/CMakeTmp'


Source file was:
int main() { return 0; }
